<?xml version="1.0" encoding="utf-8" ?>
<!DOCTYPE html PUBLIC "-//W3C//DTD XHTML 1.0 Strict//EN"
        "http://www.w3.org/TR/xhtml1/DTD/xhtml1-strict.dtd">
<html xmlns="http://www.w3.org/1999/xhtml" xml:lang="" lang="">
<head>
  <title>恒丰银行自动化测试报告 - 恒丰银行系统启动状态监测测试</title>
  <meta http-equiv="Content-Type" content="text/html;charset=utf-8" />
  <meta name="description" content="TestNG unit test results." />
  <link href="reportng.css" rel="stylesheet" type="text/css" />
    <script type="text/javascript" src="reportng.js"></script>
  <script type="text/javascript" src="https://cdn.bootcss.com/jquery/2.1.1/jquery.min.js"></script>
</head>
<body>
<h1>恒丰银行系统启动状态监测测试</h1>
<p>
  测试耗时: 0.107s
</p>



  <table class="resultsTable">
    <tr><th colspan="5" class="header failed">失败的测试用例</th></tr>
          <tr>
         <td colspan="1" class="group">com.test.test</td>
          <td colspan="1" class="group">用例名称</td>
          <td colspan="1" class="group">耗时</td>
          <td colspan="1" class="group">日志信息</td>
          <td colspan="1" class="group">截屏</td>
      </tr>
            
<tr>
      <td class="method">
                  test04
      </td>
        <td calss="testcasename">
      哈哈

  </td>
        <td class="duration">
    0.003s
  </td>
        <td class="result">
        
          <i>Method arguments: </i><span class="arguments">"数据1"</span><br />
    
        

        <a href="javascript:toggleElement('exception-0', 'block')" title="Click to expand/collapse"><b>java.lang.AssertionError: expected [true] but found [false]</b></a><br />
    <div class="stackTrace" id="exception-0">
              org.testng.Assert.fail(Assert.java:94)<br />
              org.testng.Assert.failNotEquals(Assert.java:494)<br />
              org.testng.Assert.assertTrue(Assert.java:42)<br />
              org.testng.Assert.assertTrue(Assert.java:52)<br />
              com.test.test.test04(test.java:37)<br />
              sun.reflect.NativeMethodAccessorImpl.invoke0(Native Method)<br />
              sun.reflect.NativeMethodAccessorImpl.invoke(NativeMethodAccessorImpl.java:62)<br />
              sun.reflect.DelegatingMethodAccessorImpl.invoke(DelegatingMethodAccessorImpl.java:43)<br />
              java.lang.reflect.Method.invoke(Method.java:483)<br />
              org.testng.internal.MethodInvocationHelper.invokeMethod(MethodInvocationHelper.java:84)<br />
              org.testng.internal.Invoker.invokeMethod(Invoker.java:714)<br />
              org.testng.internal.Invoker.invokeTestMethod(Invoker.java:901)<br />
              org.testng.internal.Invoker.invokeTestMethods(Invoker.java:1231)<br />
              org.testng.internal.TestMethodWorker.invokeTestMethods(TestMethodWorker.java:127)<br />
              org.testng.internal.TestMethodWorker.run(TestMethodWorker.java:111)<br />
              org.testng.TestRunner.privateRun(TestRunner.java:767)<br />
              org.testng.TestRunner.run(TestRunner.java:617)<br />
              org.testng.SuiteRunner.runTest(SuiteRunner.java:335)<br />
              org.testng.SuiteRunner.runSequentially(SuiteRunner.java:330)<br />
              org.testng.SuiteRunner.privateRun(SuiteRunner.java:291)<br />
              org.testng.SuiteRunner.run(SuiteRunner.java:240)<br />
              org.testng.SuiteRunnerWorker.runSuite(SuiteRunnerWorker.java:52)<br />
              org.testng.SuiteRunnerWorker.run(SuiteRunnerWorker.java:86)<br />
              org.testng.TestNG.runSuitesSequentially(TestNG.java:1224)<br />
              org.testng.TestNG.runSuitesLocally(TestNG.java:1149)<br />
              org.testng.TestNG.run(TestNG.java:1057)<br />
              org.testng.remote.RemoteTestNG.run(RemoteTestNG.java:111)<br />
              org.testng.remote.RemoteTestNG.initAndRun(RemoteTestNG.java:204)<br />
              org.testng.remote.RemoteTestNG.main(RemoteTestNG.java:175)<br />
                </div>
      </td>
        <td class="screenshot">
              </td>
</tr>
<tr>
      <td class="method">
                  test04
      </td>
        <td calss="testcasename">
      哈哈

  </td>
        <td class="duration">
    0.002s
  </td>
        <td class="result">
        
          <i>Method arguments: </i><span class="arguments">"数据2"</span><br />
    
        

        <a href="javascript:toggleElement('exception-1', 'block')" title="Click to expand/collapse"><b>java.lang.AssertionError: expected [true] but found [false]</b></a><br />
    <div class="stackTrace" id="exception-1">
              org.testng.Assert.fail(Assert.java:94)<br />
              org.testng.Assert.failNotEquals(Assert.java:494)<br />
              org.testng.Assert.assertTrue(Assert.java:42)<br />
              org.testng.Assert.assertTrue(Assert.java:52)<br />
              com.test.test.test04(test.java:37)<br />
              sun.reflect.NativeMethodAccessorImpl.invoke0(Native Method)<br />
              sun.reflect.NativeMethodAccessorImpl.invoke(NativeMethodAccessorImpl.java:62)<br />
              sun.reflect.DelegatingMethodAccessorImpl.invoke(DelegatingMethodAccessorImpl.java:43)<br />
              java.lang.reflect.Method.invoke(Method.java:483)<br />
              org.testng.internal.MethodInvocationHelper.invokeMethod(MethodInvocationHelper.java:84)<br />
              org.testng.internal.Invoker.invokeMethod(Invoker.java:714)<br />
              org.testng.internal.Invoker.invokeTestMethod(Invoker.java:901)<br />
              org.testng.internal.Invoker.invokeTestMethods(Invoker.java:1231)<br />
              org.testng.internal.TestMethodWorker.invokeTestMethods(TestMethodWorker.java:127)<br />
              org.testng.internal.TestMethodWorker.run(TestMethodWorker.java:111)<br />
              org.testng.TestRunner.privateRun(TestRunner.java:767)<br />
              org.testng.TestRunner.run(TestRunner.java:617)<br />
              org.testng.SuiteRunner.runTest(SuiteRunner.java:335)<br />
              org.testng.SuiteRunner.runSequentially(SuiteRunner.java:330)<br />
              org.testng.SuiteRunner.privateRun(SuiteRunner.java:291)<br />
              org.testng.SuiteRunner.run(SuiteRunner.java:240)<br />
              org.testng.SuiteRunnerWorker.runSuite(SuiteRunnerWorker.java:52)<br />
              org.testng.SuiteRunnerWorker.run(SuiteRunnerWorker.java:86)<br />
              org.testng.TestNG.runSuitesSequentially(TestNG.java:1224)<br />
              org.testng.TestNG.runSuitesLocally(TestNG.java:1149)<br />
              org.testng.TestNG.run(TestNG.java:1057)<br />
              org.testng.remote.RemoteTestNG.run(RemoteTestNG.java:111)<br />
              org.testng.remote.RemoteTestNG.initAndRun(RemoteTestNG.java:204)<br />
              org.testng.remote.RemoteTestNG.main(RemoteTestNG.java:175)<br />
                </div>
      </td>
        <td class="screenshot">
              </td>
</tr>
<tr>
      <td class="method">
                  test04
      </td>
        <td calss="testcasename">
      哈哈

  </td>
        <td class="duration">
    0.002s
  </td>
        <td class="result">
        
          <i>Method arguments: </i><span class="arguments">"shuju3"</span><br />
    
        

        <a href="javascript:toggleElement('exception-2', 'block')" title="Click to expand/collapse"><b>java.lang.AssertionError: expected [true] but found [false]</b></a><br />
    <div class="stackTrace" id="exception-2">
              org.testng.Assert.fail(Assert.java:94)<br />
              org.testng.Assert.failNotEquals(Assert.java:494)<br />
              org.testng.Assert.assertTrue(Assert.java:42)<br />
              org.testng.Assert.assertTrue(Assert.java:52)<br />
              com.test.test.test04(test.java:37)<br />
              sun.reflect.NativeMethodAccessorImpl.invoke0(Native Method)<br />
              sun.reflect.NativeMethodAccessorImpl.invoke(NativeMethodAccessorImpl.java:62)<br />
              sun.reflect.DelegatingMethodAccessorImpl.invoke(DelegatingMethodAccessorImpl.java:43)<br />
              java.lang.reflect.Method.invoke(Method.java:483)<br />
              org.testng.internal.MethodInvocationHelper.invokeMethod(MethodInvocationHelper.java:84)<br />
              org.testng.internal.Invoker.invokeMethod(Invoker.java:714)<br />
              org.testng.internal.Invoker.invokeTestMethod(Invoker.java:901)<br />
              org.testng.internal.Invoker.invokeTestMethods(Invoker.java:1231)<br />
              org.testng.internal.TestMethodWorker.invokeTestMethods(TestMethodWorker.java:127)<br />
              org.testng.internal.TestMethodWorker.run(TestMethodWorker.java:111)<br />
              org.testng.TestRunner.privateRun(TestRunner.java:767)<br />
              org.testng.TestRunner.run(TestRunner.java:617)<br />
              org.testng.SuiteRunner.runTest(SuiteRunner.java:335)<br />
              org.testng.SuiteRunner.runSequentially(SuiteRunner.java:330)<br />
              org.testng.SuiteRunner.privateRun(SuiteRunner.java:291)<br />
              org.testng.SuiteRunner.run(SuiteRunner.java:240)<br />
              org.testng.SuiteRunnerWorker.runSuite(SuiteRunnerWorker.java:52)<br />
              org.testng.SuiteRunnerWorker.run(SuiteRunnerWorker.java:86)<br />
              org.testng.TestNG.runSuitesSequentially(TestNG.java:1224)<br />
              org.testng.TestNG.runSuitesLocally(TestNG.java:1149)<br />
              org.testng.TestNG.run(TestNG.java:1057)<br />
              org.testng.remote.RemoteTestNG.run(RemoteTestNG.java:111)<br />
              org.testng.remote.RemoteTestNG.initAndRun(RemoteTestNG.java:204)<br />
              org.testng.remote.RemoteTestNG.main(RemoteTestNG.java:175)<br />
                </div>
      </td>
        <td class="screenshot">
              </td>
</tr>
<tr>
      <td class="method">
                  test06
      </td>
        <td calss="testcasename">
      哈哈

  </td>
        <td class="duration">
    0.007s
  </td>
        <td class="result">
        
          <i>Method arguments: </i><span class="arguments">"数据1"</span><br />
    
        

        <a href="javascript:toggleElement('exception-3', 'block')" title="Click to expand/collapse"><b>java.lang.AssertionError: expected [true] but found [false]</b></a><br />
    <div class="stackTrace" id="exception-3">
              org.testng.Assert.fail(Assert.java:94)<br />
              org.testng.Assert.failNotEquals(Assert.java:494)<br />
              org.testng.Assert.assertTrue(Assert.java:42)<br />
              org.testng.Assert.assertTrue(Assert.java:52)<br />
              com.test.test.test06(test.java:45)<br />
              sun.reflect.NativeMethodAccessorImpl.invoke0(Native Method)<br />
              sun.reflect.NativeMethodAccessorImpl.invoke(NativeMethodAccessorImpl.java:62)<br />
              sun.reflect.DelegatingMethodAccessorImpl.invoke(DelegatingMethodAccessorImpl.java:43)<br />
              java.lang.reflect.Method.invoke(Method.java:483)<br />
              org.testng.internal.MethodInvocationHelper.invokeMethod(MethodInvocationHelper.java:84)<br />
              org.testng.internal.Invoker.invokeMethod(Invoker.java:714)<br />
              org.testng.internal.Invoker.invokeTestMethod(Invoker.java:901)<br />
              org.testng.internal.Invoker.invokeTestMethods(Invoker.java:1231)<br />
              org.testng.internal.TestMethodWorker.invokeTestMethods(TestMethodWorker.java:127)<br />
              org.testng.internal.TestMethodWorker.run(TestMethodWorker.java:111)<br />
              org.testng.TestRunner.privateRun(TestRunner.java:767)<br />
              org.testng.TestRunner.run(TestRunner.java:617)<br />
              org.testng.SuiteRunner.runTest(SuiteRunner.java:335)<br />
              org.testng.SuiteRunner.runSequentially(SuiteRunner.java:330)<br />
              org.testng.SuiteRunner.privateRun(SuiteRunner.java:291)<br />
              org.testng.SuiteRunner.run(SuiteRunner.java:240)<br />
              org.testng.SuiteRunnerWorker.runSuite(SuiteRunnerWorker.java:52)<br />
              org.testng.SuiteRunnerWorker.run(SuiteRunnerWorker.java:86)<br />
              org.testng.TestNG.runSuitesSequentially(TestNG.java:1224)<br />
              org.testng.TestNG.runSuitesLocally(TestNG.java:1149)<br />
              org.testng.TestNG.run(TestNG.java:1057)<br />
              org.testng.remote.RemoteTestNG.run(RemoteTestNG.java:111)<br />
              org.testng.remote.RemoteTestNG.initAndRun(RemoteTestNG.java:204)<br />
              org.testng.remote.RemoteTestNG.main(RemoteTestNG.java:175)<br />
                </div>
      </td>
        <td class="screenshot">
              </td>
</tr>
<tr>
      <td class="method">
                  test06
      </td>
        <td calss="testcasename">
      哈哈

  </td>
        <td class="duration">
    0.002s
  </td>
        <td class="result">
        
          <i>Method arguments: </i><span class="arguments">"数据2"</span><br />
    
        

        <a href="javascript:toggleElement('exception-4', 'block')" title="Click to expand/collapse"><b>java.lang.AssertionError: expected [true] but found [false]</b></a><br />
    <div class="stackTrace" id="exception-4">
              org.testng.Assert.fail(Assert.java:94)<br />
              org.testng.Assert.failNotEquals(Assert.java:494)<br />
              org.testng.Assert.assertTrue(Assert.java:42)<br />
              org.testng.Assert.assertTrue(Assert.java:52)<br />
              com.test.test.test06(test.java:45)<br />
              sun.reflect.NativeMethodAccessorImpl.invoke0(Native Method)<br />
              sun.reflect.NativeMethodAccessorImpl.invoke(NativeMethodAccessorImpl.java:62)<br />
              sun.reflect.DelegatingMethodAccessorImpl.invoke(DelegatingMethodAccessorImpl.java:43)<br />
              java.lang.reflect.Method.invoke(Method.java:483)<br />
              org.testng.internal.MethodInvocationHelper.invokeMethod(MethodInvocationHelper.java:84)<br />
              org.testng.internal.Invoker.invokeMethod(Invoker.java:714)<br />
              org.testng.internal.Invoker.invokeTestMethod(Invoker.java:901)<br />
              org.testng.internal.Invoker.invokeTestMethods(Invoker.java:1231)<br />
              org.testng.internal.TestMethodWorker.invokeTestMethods(TestMethodWorker.java:127)<br />
              org.testng.internal.TestMethodWorker.run(TestMethodWorker.java:111)<br />
              org.testng.TestRunner.privateRun(TestRunner.java:767)<br />
              org.testng.TestRunner.run(TestRunner.java:617)<br />
              org.testng.SuiteRunner.runTest(SuiteRunner.java:335)<br />
              org.testng.SuiteRunner.runSequentially(SuiteRunner.java:330)<br />
              org.testng.SuiteRunner.privateRun(SuiteRunner.java:291)<br />
              org.testng.SuiteRunner.run(SuiteRunner.java:240)<br />
              org.testng.SuiteRunnerWorker.runSuite(SuiteRunnerWorker.java:52)<br />
              org.testng.SuiteRunnerWorker.run(SuiteRunnerWorker.java:86)<br />
              org.testng.TestNG.runSuitesSequentially(TestNG.java:1224)<br />
              org.testng.TestNG.runSuitesLocally(TestNG.java:1149)<br />
              org.testng.TestNG.run(TestNG.java:1057)<br />
              org.testng.remote.RemoteTestNG.run(RemoteTestNG.java:111)<br />
              org.testng.remote.RemoteTestNG.initAndRun(RemoteTestNG.java:204)<br />
              org.testng.remote.RemoteTestNG.main(RemoteTestNG.java:175)<br />
                </div>
      </td>
        <td class="screenshot">
              </td>
</tr>
<tr>
      <td class="method">
                  test06
      </td>
        <td calss="testcasename">
      哈哈

  </td>
        <td class="duration">
    0.003s
  </td>
        <td class="result">
        
          <i>Method arguments: </i><span class="arguments">"shuju3"</span><br />
    
        

        <a href="javascript:toggleElement('exception-5', 'block')" title="Click to expand/collapse"><b>java.lang.AssertionError: expected [true] but found [false]</b></a><br />
    <div class="stackTrace" id="exception-5">
              org.testng.Assert.fail(Assert.java:94)<br />
              org.testng.Assert.failNotEquals(Assert.java:494)<br />
              org.testng.Assert.assertTrue(Assert.java:42)<br />
              org.testng.Assert.assertTrue(Assert.java:52)<br />
              com.test.test.test06(test.java:45)<br />
              sun.reflect.NativeMethodAccessorImpl.invoke0(Native Method)<br />
              sun.reflect.NativeMethodAccessorImpl.invoke(NativeMethodAccessorImpl.java:62)<br />
              sun.reflect.DelegatingMethodAccessorImpl.invoke(DelegatingMethodAccessorImpl.java:43)<br />
              java.lang.reflect.Method.invoke(Method.java:483)<br />
              org.testng.internal.MethodInvocationHelper.invokeMethod(MethodInvocationHelper.java:84)<br />
              org.testng.internal.Invoker.invokeMethod(Invoker.java:714)<br />
              org.testng.internal.Invoker.invokeTestMethod(Invoker.java:901)<br />
              org.testng.internal.Invoker.invokeTestMethods(Invoker.java:1231)<br />
              org.testng.internal.TestMethodWorker.invokeTestMethods(TestMethodWorker.java:127)<br />
              org.testng.internal.TestMethodWorker.run(TestMethodWorker.java:111)<br />
              org.testng.TestRunner.privateRun(TestRunner.java:767)<br />
              org.testng.TestRunner.run(TestRunner.java:617)<br />
              org.testng.SuiteRunner.runTest(SuiteRunner.java:335)<br />
              org.testng.SuiteRunner.runSequentially(SuiteRunner.java:330)<br />
              org.testng.SuiteRunner.privateRun(SuiteRunner.java:291)<br />
              org.testng.SuiteRunner.run(SuiteRunner.java:240)<br />
              org.testng.SuiteRunnerWorker.runSuite(SuiteRunnerWorker.java:52)<br />
              org.testng.SuiteRunnerWorker.run(SuiteRunnerWorker.java:86)<br />
              org.testng.TestNG.runSuitesSequentially(TestNG.java:1224)<br />
              org.testng.TestNG.runSuitesLocally(TestNG.java:1149)<br />
              org.testng.TestNG.run(TestNG.java:1057)<br />
              org.testng.remote.RemoteTestNG.run(RemoteTestNG.java:111)<br />
              org.testng.remote.RemoteTestNG.initAndRun(RemoteTestNG.java:204)<br />
              org.testng.remote.RemoteTestNG.main(RemoteTestNG.java:175)<br />
                </div>
      </td>
        <td class="screenshot">
              </td>
</tr>
      </table>


  <table class="resultsTable">
    <tr><th colspan="5" class="header passed">成功的测试用例</th></tr>
          <tr>
        <td colspan="1" class="group">com.test.test</td>
          <td colspan="1" class="group">用例名称</td>
          <td colspan="1" class="group">耗时</td>
          <td colspan="1" class="group">日志信息</td>
          <td colspan="1" class="group">截屏</td>
      </tr>
            
<tr>
      <td class="method">
                  test01
      </td>
        <td calss="testcasename">
      哈哈

  </td>
        <td class="duration">
    0.032s
  </td>
        <td class="result">
        
          <i>Method arguments: </i><span class="arguments">"数据1"</span><br />
    
            <div class="testOutput">
                        ddddd<br />
                  </div>
    

      </td>
        <td class="screenshot">
                      <div class="screenshotimage">
                                                      <br />
                                                                                    </div>
        </td>
</tr>
<tr>
      <td class="method">
                  test01
      </td>
        <td calss="testcasename">
      哈哈

  </td>
        <td class="duration">
    0.001s
  </td>
        <td class="result">
        
          <i>Method arguments: </i><span class="arguments">"数据2"</span><br />
    
            <div class="testOutput">
                        ddddd<br />
                  </div>
    

      </td>
        <td class="screenshot">
                      <div class="screenshotimage">
                                                      <br />
                                                                                    </div>
        </td>
</tr>
<tr>
      <td class="method">
                  test01
      </td>
        <td calss="testcasename">
      哈哈

  </td>
        <td class="duration">
    0.003s
  </td>
        <td class="result">
        
          <i>Method arguments: </i><span class="arguments">"shuju3"</span><br />
    
            <div class="testOutput">
                        ddddd<br />
                  </div>
    

      </td>
        <td class="screenshot">
                      <div class="screenshotimage">
                                                      <br />
                                                                                    </div>
        </td>
</tr>
<tr>
      <td class="method">
                  test02
      </td>
        <td calss="testcasename">
      哈哈

  </td>
        <td class="duration">
    0.009s
  </td>
        <td class="result">
        
          <i>Method arguments: </i><span class="arguments">"数据1"</span><br />
    
        

      </td>
        <td class="screenshot">
              </td>
</tr>
<tr>
      <td class="method">
                  test02
      </td>
        <td calss="testcasename">
      哈哈

  </td>
        <td class="duration">
    0.004s
  </td>
        <td class="result">
        
          <i>Method arguments: </i><span class="arguments">"数据2"</span><br />
    
        

      </td>
        <td class="screenshot">
              </td>
</tr>
<tr>
      <td class="method">
                  test02
      </td>
        <td calss="testcasename">
      哈哈

  </td>
        <td class="duration">
    0.006s
  </td>
        <td class="result">
        
          <i>Method arguments: </i><span class="arguments">"shuju3"</span><br />
    
        

      </td>
        <td class="screenshot">
              </td>
</tr>
<tr>
      <td class="method">
                  test03
      </td>
        <td calss="testcasename">
      哈哈

  </td>
        <td class="duration">
    0.003s
  </td>
        <td class="result">
        
          <i>Method arguments: </i><span class="arguments">"数据1"</span><br />
    
        

      </td>
        <td class="screenshot">
              </td>
</tr>
<tr>
      <td class="method">
                  test03
      </td>
        <td calss="testcasename">
      哈哈

  </td>
        <td class="duration">
    0.002s
  </td>
        <td class="result">
        
          <i>Method arguments: </i><span class="arguments">"数据2"</span><br />
    
        

      </td>
        <td class="screenshot">
              </td>
</tr>
<tr>
      <td class="method">
                  test03
      </td>
        <td calss="testcasename">
      哈哈

  </td>
        <td class="duration">
    0.002s
  </td>
        <td class="result">
        
          <i>Method arguments: </i><span class="arguments">"shuju3"</span><br />
    
        

      </td>
        <td class="screenshot">
              </td>
</tr>
<tr>
      <td class="method">
                  test05
      </td>
        <td calss="testcasename">
      哈哈

  </td>
        <td class="duration">
    0.003s
  </td>
        <td class="result">
        
          <i>Method arguments: </i><span class="arguments">"数据1"</span><br />
    
        

      </td>
        <td class="screenshot">
              </td>
</tr>
<tr>
      <td class="method">
                  test05
      </td>
        <td calss="testcasename">
      哈哈

  </td>
        <td class="duration">
    0.002s
  </td>
        <td class="result">
        
          <i>Method arguments: </i><span class="arguments">"数据2"</span><br />
    
        

      </td>
        <td class="screenshot">
              </td>
</tr>
<tr>
      <td class="method">
                  test05
      </td>
        <td calss="testcasename">
      哈哈

  </td>
        <td class="duration">
    0.003s
  </td>
        <td class="result">
        
          <i>Method arguments: </i><span class="arguments">"shuju3"</span><br />
    
        

      </td>
        <td class="screenshot">
              </td>
</tr>
<tr>
      <td class="method">
                  test07
      </td>
        <td calss="testcasename">
      哈哈

  </td>
        <td class="duration">
    0.004s
  </td>
        <td class="result">
        
          <i>Method arguments: </i><span class="arguments">"数据1"</span><br />
    
        

      </td>
        <td class="screenshot">
              </td>
</tr>
<tr>
      <td class="method">
                  test07
      </td>
        <td calss="testcasename">
      哈哈

  </td>
        <td class="duration">
    0.003s
  </td>
        <td class="result">
        
          <i>Method arguments: </i><span class="arguments">"数据2"</span><br />
    
        

      </td>
        <td class="screenshot">
              </td>
</tr>
<tr>
      <td class="method">
                  test07
      </td>
        <td calss="testcasename">
      哈哈

  </td>
        <td class="duration">
    0.001s
  </td>
        <td class="result">
        
          <i>Method arguments: </i><span class="arguments">"shuju3"</span><br />
    
        

      </td>
        <td class="screenshot">
              </td>
</tr>
<tr>
      <td class="method">
                  test08
      </td>
        <td calss="testcasename">
      哈哈

  </td>
        <td class="duration">
    0.002s
  </td>
        <td class="result">
        
          <i>Method arguments: </i><span class="arguments">"数据1"</span><br />
    
        

      </td>
        <td class="screenshot">
              </td>
</tr>
<tr>
      <td class="method">
                  test08
      </td>
        <td calss="testcasename">
      哈哈

  </td>
        <td class="duration">
    0.007s
  </td>
        <td class="result">
        
          <i>Method arguments: </i><span class="arguments">"数据2"</span><br />
    
        

      </td>
        <td class="screenshot">
              </td>
</tr>
<tr>
      <td class="method">
                  test08
      </td>
        <td calss="testcasename">
      哈哈

  </td>
        <td class="duration">
    0.001s
  </td>
        <td class="result">
        
          <i>Method arguments: </i><span class="arguments">"shuju3"</span><br />
    
        

      </td>
        <td class="screenshot">
              </td>
</tr>
      </table>

<script>  
    $(function(){  
        $(".pimg").click(function(){  
            var _this = $(this);//将当前的pimg元素作为_this传入函数  
            imgShow("#outerdiv", "#innerdiv", "#bigimg", _this);  
        });  
    });  
</script> 
<div id="outerdiv" style="position:fixed;top:0;left:0;background:rgba(0,0,0,0.7);z-index:2;width:100%;height:100%;display:none;"><div id="innerdiv" style="position:absolute;"><img id="bigimg" style="border:5px solid #fff;" src="" /></div></div> 
</body>
</html>
